Build started 10/1/2015 2:48:27 AM.
     1>Project "C:\Users\Adrian Avila\documents\visual studio 2013\Projects\Clustering_MaximumSpacing\Clustering_MaximumSpacing\Clustering_MaximumSpacing.vcxproj" on node 2 (Build target(s)).
     1>ClCompile:
         C:\Program Files (x86)\Microsoft Visual Studio 12.0\VC\bin\CL.exe /c /ZI /nologo /W3 /WX- /sdl /Od /Oy- /D _MBCS /Gm /EHsc /RTC1 /MDd /GS /fp:precise /Zc:wchar_t /Zc:forScope /Fo"Debug\\" /Fd"Debug\vc120.pdb" /Gd /TP /analyze- /errorReport:prompt Edge.cpp KCluster.cpp UFNode.cpp UnionFind.cpp main.cpp
         KCluster.cpp
     1>c:\users\adrian avila\documents\visual studio 2013\projects\clustering_maximumspacing\clustering_maximumspacing\kcluster.cpp(53): warning C4018: '<' : signed/unsigned mismatch
     1>c:\users\adrian avila\documents\visual studio 2013\projects\clustering_maximumspacing\clustering_maximumspacing\kcluster.cpp(60): warning C4018: '<' : signed/unsigned mismatch
         Generating Code...
         Compiling...
         main.cpp
         UnionFind.cpp
     1>c:\users\adrian avila\documents\visual studio 2013\projects\clustering_maximumspacing\clustering_maximumspacing\unionfind.cpp(60): warning C4018: '<' : signed/unsigned mismatch
         Generating Code...
         Skipping... (no relevant changes detected)
         UFNode.cpp
         Edge.cpp
       Link:
         C:\Program Files (x86)\Microsoft Visual Studio 12.0\VC\bin\link.exe /ERRORREPORT:PROMPT /OUT:"C:\Users\Adrian Avila\documents\visual studio 2013\Projects\Clustering_MaximumSpacing\Debug\Clustering_MaximumSpacing.exe" /INCREMENTAL /NOLOGO opengl32.lib glut32.lib kernel32.lib user32.lib gdi32.lib winspool.lib comdlg32.lib advapi32.lib shell32.lib ole32.lib oleaut32.lib uuid.lib odbc32.lib odbccp32.lib /MANIFEST /MANIFESTUAC:"level='asInvoker' uiAccess='false'" /manifest:embed /DEBUG /PDB:"C:\Users\Adrian Avila\documents\visual studio 2013\Projects\Clustering_MaximumSpacing\Debug\Clustering_MaximumSpacing.pdb" /TLBID:1 /DYNAMICBASE /NXCOMPAT /IMPLIB:"C:\Users\Adrian Avila\documents\visual studio 2013\Projects\Clustering_MaximumSpacing\Debug\Clustering_MaximumSpacing.lib" /MACHINE:X86 Debug\Clustering_MaximumSpacing.res
         Debug\Edge.obj
         Debug\Generator.obj
         Debug\KCluster.obj
         Debug\main.obj
         Debug\Node.obj
         Debug\UFNode.obj
         Debug\UnionFind.obj
         Clustering_MaximumSpacing.vcxproj -> C:\Users\Adrian Avila\documents\visual studio 2013\Projects\Clustering_MaximumSpacing\Debug\Clustering_MaximumSpacing.exe
     1>Done Building Project "C:\Users\Adrian Avila\documents\visual studio 2013\Projects\Clustering_MaximumSpacing\Clustering_MaximumSpacing\Clustering_MaximumSpacing.vcxproj" (Build target(s)).

Build succeeded.

Time Elapsed 00:00:02.04
